<?xml version="1.0" encoding="UTF-8"?>
<!-- Generated by org.testng.reporters.JUnitReportReporter -->
<testsuite hostname="IN-93QJ1J3" failures="0" tests="1" name="Jenkins.TestCase" time="5.018" errors="0" timestamp="2023-10-04T15:45:05 IST" skipped="0">
  <testcase classname="Jenkins.TestCase" name="LaunchBrowser" time="5.018"/>
  <system-out/>
</testsuite> <!-- Jenkins.TestCase -->
